<?xml version="1.0" encoding="UTF-8"?>
<!-- Generated by org.testng.reporters.JUnitReportReporter -->
<testsuite hostname="CHETUIWK2253" failures="0" tests="1" name="org.example.testscripts.SecuredMobilityLogin" time="0.055" errors="0" timestamp="13 Dec 2024 12:33:20 GMT" skipped="0">
  <testcase classname="org.example.testscripts.SecuredMobilityLogin" name="LoginTestCase" time="0.055"/>
</testsuite> <!-- org.example.testscripts.SecuredMobilityLogin -->
