<?xml version="1.0" encoding="UTF-8"?>
<!-- Generated by org.testng.reporters.JUnitReportReporter -->
<testsuite hostname="CHETUIWK2253" failures="0" tests="1" name="org.example.testscripts.SecuredMobilityCreateStudent" time="3.443" errors="0" timestamp="13 Dec 2024 16:14:59 GMT" skipped="0">
  <testcase classname="org.example.testscripts.SecuredMobilityCreateStudent" name="CreateStudentTestCase" time="3.443"/>
</testsuite> <!-- org.example.testscripts.SecuredMobilityCreateStudent -->
